<?xml version="1.0" encoding="UTF-8"?>
<!-- Generated by org.testng.reporters.JUnitReportReporter -->
<testsuite skipped="0" hostname="DESKTOP-ID75R87" name="com.capsule.testcases.HomeTestC" tests="1" failures="0" timestamp="08 Jun 2019 08:07:52 GMT" time="33.604" errors="0">
  <testcase name="AccountLinkTest" time="33.604" classname="com.capsule.testcases.HomeTestC"/>
</testsuite> <!-- com.capsule.testcases.HomeTestC -->
