<?xml version="1.0" encoding="UTF-8"?>
<!-- Generated by org.testng.reporters.JUnitReportReporter -->
<testsuite skipped="0" hostname="DESKTOP-ID75R87" name="com.capsule.testcases.AccountTestC" tests="3" failures="0" timestamp="16 Jun 2019 09:34:15 GMT" time="152.869" errors="0">
  <testcase name="ConfigureIconTest" time="45.568" classname="com.capsule.testcases.AccountTestC"/>
  <testcase name="AccountLinkTest" time="66.123" classname="com.capsule.testcases.AccountTestC"/>
  <testcase name="InvoiceLinkTest" time="41.178" classname="com.capsule.testcases.AccountTestC"/>
</testsuite> <!-- com.capsule.testcases.AccountTestC -->
