<?xml version="1.0" encoding="UTF-8"?>
<!-- Generated by org.testng.reporters.JUnitReportReporter -->
<testsuite skipped="0" hostname="DESKTOP-ID75R87" name="com.capsule.testcases.LoginTestC" tests="1" failures="0" timestamp="06 Jun 2019 10:26:36 GMT" time="34.973" errors="0">
  <testcase name="LoginTest" time="34.973" classname="com.capsule.testcases.LoginTestC"/>
</testsuite> <!-- com.capsule.testcases.LoginTestC -->
