<?xml version="1.0" encoding="UTF-8"?>
<!-- Generated by org.testng.reporters.JUnitReportReporter -->
<testsuite skipped="0" hostname="DESKTOP-ID75R87" name="com.capsule.testcases.PeopleTestC" tests="2" failures="0" timestamp="08 Jun 2019 07:02:09 GMT" time="96.383" errors="0">
  <testcase name="AddPersonTest" time="52.806" classname="com.capsule.testcases.PeopleTestC"/>
  <testcase name="AddPersonTest" time="43.577" classname="com.capsule.testcases.PeopleTestC"/>
</testsuite> <!-- com.capsule.testcases.PeopleTestC -->
